
2021-04-13 15:52:32,641-INFO-logger.py-root-日志信息:******************************
2021-04-13 15:52:32,641-INFO-logger.py-root-日志信息:正在执行的用例是 正常登陆
2021-04-13 15:52:32,642-INFO-logger.py-root-日志信息:请求的数据是：{"isApp":"false","usernameOrPhone":"admin","password":"123456","rememberMe":"true"}
2021-04-13 15:52:32,741-INFO-logger.py-root-日志信息:*********开始写入结果********
2021-04-13 15:52:32,909-INFO-logger.py-root-日志信息:*********结束写入数据********
2021-04-13 15:52:32,911-INFO-logger.py-root-日志信息:******************************
2021-04-13 15:52:32,911-INFO-logger.py-root-日志信息:正在执行的用例是 输入错误的账号
2021-04-13 15:52:32,913-INFO-logger.py-root-日志信息:请求的数据是：{"isApp": "false", "usernameOrPhone": "admin11", "password": "123456", "rememberMe": "true"}
2021-04-13 15:52:33,049-INFO-logger.py-root-日志信息:*********开始写入结果********
2021-04-13 15:52:33,227-INFO-logger.py-root-日志信息:*********结束写入数据********
2021-04-13 15:52:33,228-INFO-logger.py-root-日志信息:******************************
2021-04-13 15:52:33,229-INFO-logger.py-root-日志信息:正在执行的用例是 输入错误的密码
2021-04-13 15:52:33,229-INFO-logger.py-root-日志信息:请求的数据是：{"isApp": "false", "usernameOrPhone": "admin", "password": "1234561", "rememberMe": "true"}
2021-04-13 15:52:33,297-INFO-logger.py-root-日志信息:*********开始写入结果********
2021-04-13 15:52:33,451-INFO-logger.py-root-日志信息:*********结束写入数据********
2021-04-13 15:52:33,452-INFO-logger.py-root-日志信息:******************************
2021-04-13 15:52:33,453-INFO-logger.py-root-日志信息:正在执行的用例是 账号为空
2021-04-13 15:52:33,454-INFO-logger.py-root-日志信息:请求的数据是：{"isApp": "false", "usernameOrPhone": "", "password": "123456", "rememberMe": "true"}
2021-04-13 15:52:33,511-INFO-logger.py-root-日志信息:*********开始写入结果********
2021-04-13 15:52:33,654-INFO-logger.py-root-日志信息:*********结束写入数据********
2021-04-13 15:52:33,655-INFO-logger.py-root-日志信息:******************************
2021-04-13 15:52:33,656-INFO-logger.py-root-日志信息:正在执行的用例是 密码为空
2021-04-13 15:52:33,657-INFO-logger.py-root-日志信息:请求的数据是：{"isApp": "false", "usernameOrPhone": "admin11", "password": "", "rememberMe": "true"}
2021-04-13 15:52:33,720-INFO-logger.py-root-日志信息:*********开始写入结果********
2021-04-13 15:52:33,865-INFO-logger.py-root-日志信息:*********结束写入数据********
